<?xml version="1.0" encoding="UTF-8"?>
<!-- Generated by org.testng.reporters.JUnitReportReporter -->
<testsuite name="myTests.CheckPageText" tests="1" time="1.131" ignored="1" failures="0" timestamp="20 Feb 2017 15:54:32 GMT" skipped="0" hostname="ws-tusova" errors="0">
  <testcase name="CheckTextInChapter1" time="1.131" classname="myTests.CheckPageText"/>
  <testcase name="tearDown" classname="myTests.BasicTest">
    <skipped/>
  </testcase> <!-- tearDown -->
</testsuite> <!-- myTests.CheckPageText -->
